TN:
SF:src/app.ts
FNF:0
FNH:0
DA:1,1
DA:2,1
DA:3,1
DA:4,1
DA:5,1
DA:6,1
DA:7,1
DA:8,1
DA:9,1
DA:10,1
DA:11,1
DA:12,1
DA:13,1
DA:14,1
DA:15,1
DA:16,1
DA:17,1
DA:18,1
DA:19,1
DA:20,1
DA:21,1
LF:21
LH:21
BRF:0
BRH:0
end_of_record
TN:
SF:src/config/prisma.ts
FNF:0
FNH:0
DA:1,1
DA:2,1
DA:3,1
DA:4,1
DA:5,1
DA:6,1
LF:6
LH:6
BRF:0
BRH:0
end_of_record
TN:
SF:src/controllers/authController.ts
FN:6,login
FN:23,register
FNF:2
FNH:2
FNDA:4,login
FNDA:3,register
DA:1,1
DA:2,1
DA:3,1
DA:4,1
DA:5,1
DA:6,4
DA:7,4
DA:8,4
DA:9,4
DA:10,4
DA:11,4
DA:12,1
DA:13,1
DA:14,1
DA:15,1
DA:16,1
DA:17,3
DA:18,3
DA:19,1
DA:20,1
DA:21,1
DA:22,1
DA:23,3
DA:24,3
DA:25,3
DA:26,3
DA:27,3
DA:28,3
DA:29,1
DA:30,1
DA:31,1
DA:32,1
DA:33,1
DA:34,2
DA:35,3
DA:36,0
DA:37,0
DA:38,0
DA:39,0
DA:40,0
DA:41,2
DA:42,2
DA:43,1
DA:44,1
DA:45,1
LF:45
LH:40
BRDA:6,0,0,4
BRDA:11,1,0,1
BRDA:17,2,0,3
BRDA:19,3,0,1
BRDA:23,4,0,3
BRDA:28,5,0,1
BRDA:34,6,0,2
BRDA:35,7,0,0
BRDA:41,8,0,2
BRDA:43,9,0,1
BRF:10
BRH:9
end_of_record
TN:
SF:src/controllers/testController.ts
FN:6,postTest
FN:24,getTestsByDiscipline
FN:31,getTestsByTeacher
FNF:3
FNH:3
FNDA:3,postTest
FNDA:1,getTestsByDiscipline
FNDA:1,getTestsByTeacher
DA:1,1
DA:2,1
DA:3,1
DA:4,1
DA:5,1
DA:6,3
DA:7,3
DA:8,3
DA:9,3
DA:10,3
DA:11,3
DA:12,3
DA:13,1
DA:14,1
DA:15,1
DA:16,1
DA:17,1
DA:18,2
DA:19,2
DA:20,1
DA:21,1
DA:22,1
DA:23,1
DA:24,1
DA:25,1
DA:26,1
DA:27,1
DA:28,1
DA:29,1
DA:30,1
DA:31,1
DA:32,1
DA:33,1
DA:34,1
DA:35,1
DA:36,1
LF:36
LH:36
BRDA:6,0,0,3
BRDA:12,1,0,1
BRDA:18,2,0,2
BRDA:20,3,0,1
BRDA:24,4,0,1
BRDA:31,5,0,1
BRF:6
BRH:6
end_of_record
TN:
SF:src/middlewares/errorHandler.ts
FN:8,errorHandler
FNF:1
FNH:1
FNDA:8,errorHandler
DA:1,1
DA:2,1
DA:3,1
DA:4,1
DA:5,1
DA:6,1
DA:7,1
DA:8,8
DA:9,8
DA:10,8
DA:11,1
DA:12,1
DA:13,7
DA:14,8
DA:15,3
DA:16,3
DA:17,4
DA:18,8
DA:19,1
DA:20,1
DA:21,3
DA:22,8
DA:23,0
DA:24,0
DA:25,3
DA:26,8
DA:27,0
DA:28,0
DA:29,3
DA:30,3
DA:31,3
DA:32,3
DA:33,0
DA:34,0
DA:35,0
DA:36,0
LF:36
LH:28
BRDA:8,0,0,8
BRDA:10,1,0,1
BRDA:13,2,0,7
BRDA:14,3,0,5
BRDA:14,4,0,3
BRDA:17,5,0,4
BRDA:18,6,0,6
BRDA:18,7,0,1
BRDA:21,8,0,3
BRDA:22,9,0,0
BRDA:25,10,0,3
BRDA:26,11,0,0
BRDA:29,12,0,3
BRDA:33,13,0,0
BRF:14
BRH:11
end_of_record
TN:
SF:src/middlewares/tokenMidlleware.ts
FN:9,validateToken
FNF:1
FNH:1
FNDA:4,validateToken
DA:1,1
DA:2,1
DA:3,1
DA:4,1
DA:5,1
DA:6,1
DA:7,1
DA:8,1
DA:9,4
DA:10,4
DA:11,4
DA:12,4
DA:13,4
DA:14,1
DA:15,1
DA:16,1
DA:17,1
DA:18,1
DA:19,3
DA:20,3
DA:21,3
DA:22,4
DA:23,0
DA:24,0
DA:25,0
DA:26,0
DA:27,0
DA:28,3
DA:29,3
DA:30,3
DA:31,3
DA:32,4
DA:33,0
DA:34,0
DA:35,0
DA:36,0
DA:37,0
DA:38,3
DA:39,3
DA:40,3
DA:41,3
DA:42,3
DA:43,3
LF:43
LH:33
BRDA:9,0,0,4
BRDA:13,1,0,0
BRDA:13,2,0,1
BRDA:19,3,0,3
BRDA:22,4,0,0
BRDA:28,5,0,3
BRDA:32,6,0,0
BRDA:38,7,0,3
BRF:8
BRH:5
end_of_record
TN:
SF:src/repositories/categoryRepository.ts
FN:3,findCategoryById
FNF:1
FNH:1
FNDA:2,findCategoryById
DA:1,1
DA:2,1
DA:3,2
DA:4,2
DA:5,2
DA:6,2
DA:7,2
DA:8,2
DA:9,2
DA:10,2
DA:11,2
LF:11
LH:11
BRDA:3,0,0,2
BRF:1
BRH:1
end_of_record
TN:
SF:src/repositories/disciplineRepository.ts
FN:3,findDisciplineById
FN:13,findDisciplineByName
FNF:2
FNH:1
FNDA:1,findDisciplineById
FNDA:0,findDisciplineByName
DA:1,1
DA:2,1
DA:3,1
DA:4,1
DA:5,1
DA:6,1
DA:7,1
DA:8,1
DA:9,1
DA:10,1
DA:11,1
DA:12,1
DA:13,0
DA:14,0
DA:15,0
DA:16,0
DA:17,0
DA:18,0
DA:19,0
DA:20,0
DA:21,0
LF:21
LH:12
BRDA:3,0,0,1
BRF:1
BRH:1
end_of_record
TN:
SF:src/repositories/teacherDisciplineRepository.ts
FN:3,findTeacherDiscipline
FNF:1
FNH:1
FNDA:1,findTeacherDiscipline
DA:1,1
DA:2,1
DA:3,1
DA:4,1
DA:5,1
DA:6,1
DA:7,1
DA:8,1
DA:9,1
DA:10,1
DA:11,1
LF:11
LH:11
BRDA:3,0,0,1
BRF:1
BRH:1
end_of_record
TN:
SF:src/repositories/teacherRepository.ts
FN:3,findTeacherById
FN:13,findTeacherByName
FNF:2
FNH:1
FNDA:1,findTeacherById
FNDA:0,findTeacherByName
DA:1,1
DA:2,1
DA:3,1
DA:4,1
DA:5,1
DA:6,1
DA:7,1
DA:8,1
DA:9,1
DA:10,1
DA:11,1
DA:12,1
DA:13,0
DA:14,0
DA:15,0
DA:16,0
DA:17,0
DA:18,0
DA:19,0
DA:20,0
DA:21,0
LF:21
LH:12
BRDA:3,0,0,1
BRF:1
BRH:1
end_of_record
TN:
SF:src/repositories/testRepository.ts
FN:6,insertTest
FN:12,testsGroupedByDiscipline
FN:47,testsGroupedByTeacher
FNF:3
FNH:3
FNDA:1,insertTest
FNDA:1,testsGroupedByDiscipline
FNDA:1,testsGroupedByTeacher
DA:1,1
DA:2,1
DA:3,1
DA:4,1
DA:5,1
DA:6,1
DA:7,1
DA:8,1
DA:9,1
DA:10,1
DA:11,1
DA:12,1
DA:13,1
DA:14,1
DA:15,1
DA:16,1
DA:17,1
DA:18,1
DA:19,1
DA:20,1
DA:21,1
DA:22,1
DA:23,1
DA:24,1
DA:25,1
DA:26,1
DA:27,1
DA:28,1
DA:29,1
DA:30,1
DA:31,1
DA:32,1
DA:33,1
DA:34,1
DA:35,1
DA:36,1
DA:37,1
DA:38,1
DA:39,1
DA:40,1
DA:41,1
DA:42,1
DA:43,1
DA:44,1
DA:45,1
DA:46,1
DA:47,1
DA:48,1
DA:49,1
DA:50,1
DA:51,1
DA:52,1
DA:53,1
DA:54,1
DA:55,1
DA:56,1
DA:57,1
DA:58,1
DA:59,1
DA:60,1
DA:61,1
DA:62,1
DA:63,1
DA:64,1
DA:65,1
DA:66,1
DA:67,1
DA:68,1
DA:69,1
DA:70,1
DA:71,1
DA:72,1
DA:73,1
LF:73
LH:73
BRDA:6,0,0,1
BRDA:12,1,0,1
BRDA:47,2,0,1
BRF:3
BRH:3
end_of_record
TN:
SF:src/repositories/userRepository.ts
FN:6,insertUser
FN:16,findByEmail
FN:26,getById
FNF:3
FNH:3
FNDA:1,insertUser
FNDA:5,findByEmail
FNDA:3,getById
DA:1,1
DA:2,1
DA:3,1
DA:4,1
DA:5,1
DA:6,1
DA:7,1
DA:8,1
DA:9,1
DA:10,1
DA:11,1
DA:12,1
DA:13,1
DA:14,1
DA:15,1
DA:16,5
DA:17,5
DA:18,5
DA:19,5
DA:20,5
DA:21,5
DA:22,5
DA:23,5
DA:24,5
DA:25,1
DA:26,3
DA:27,3
DA:28,3
DA:29,3
DA:30,3
DA:31,3
DA:32,3
DA:33,3
DA:34,3
LF:34
LH:34
BRDA:6,0,0,1
BRDA:16,1,0,5
BRDA:26,2,0,3
BRF:3
BRH:3
end_of_record
TN:
SF:src/routes/authRouter.ts
FNF:0
FNH:0
DA:1,1
DA:2,1
DA:3,1
DA:4,1
DA:5,1
DA:6,1
DA:7,1
DA:8,1
DA:9,1
DA:10,1
LF:10
LH:10
BRF:0
BRH:0
end_of_record
TN:
SF:src/routes/testRouter.ts
FNF:0
FNH:0
DA:1,1
DA:2,1
DA:3,1
DA:4,1
DA:5,1
DA:6,1
DA:7,1
DA:8,1
DA:9,1
DA:10,1
DA:11,1
DA:12,1
LF:12
LH:12
BRF:0
BRH:0
end_of_record
TN:
SF:src/schemas/authSchema.ts
FNF:0
FNH:0
DA:1,1
DA:2,1
DA:3,1
DA:4,1
DA:5,1
DA:6,1
DA:7,1
DA:8,1
DA:9,1
DA:10,1
DA:11,1
DA:12,1
LF:12
LH:12
BRF:0
BRH:0
end_of_record
TN:
SF:src/schemas/testSchema.ts
FNF:0
FNH:0
DA:1,1
DA:2,1
DA:3,1
DA:4,1
DA:5,1
DA:6,1
DA:7,1
DA:8,1
DA:9,1
LF:9
LH:9
BRF:0
BRH:0
end_of_record
TN:
SF:src/services/categoryService.ts
FN:3,verifyIfCategoryExists
FNF:1
FNH:1
FNDA:2,verifyIfCategoryExists
DA:1,1
DA:2,1
DA:3,2
DA:4,2
DA:5,2
DA:6,2
DA:7,2
DA:8,1
DA:9,1
DA:10,1
DA:11,1
DA:12,1
DA:13,1
DA:14,1
DA:15,1
DA:16,1
LF:16
LH:16
BRDA:3,0,0,2
BRDA:7,1,0,1
BRF:2
BRH:2
end_of_record
TN:
SF:src/services/disciplineService.ts
FN:3,verifyIfDisciplineExists
FNF:1
FNH:1
FNDA:1,verifyIfDisciplineExists
DA:1,1
DA:2,1
DA:3,1
DA:4,1
DA:5,1
DA:6,1
DA:7,1
DA:8,0
DA:9,0
DA:10,0
DA:11,0
DA:12,0
DA:13,1
DA:14,1
DA:15,1
DA:16,1
LF:16
LH:11
BRDA:3,0,0,1
BRDA:7,1,0,0
BRF:2
BRH:1
end_of_record
TN:
SF:src/services/teacherDisciplineService.ts
FN:3,verifyIfTeacherTeachsDiscipline
FNF:1
FNH:1
FNDA:1,verifyIfTeacherTeachsDiscipline
DA:1,1
DA:2,1
DA:3,1
DA:4,1
DA:5,1
DA:6,1
DA:7,1
DA:8,0
DA:9,0
DA:10,0
DA:11,0
DA:12,0
DA:13,1
DA:14,1
DA:15,1
DA:16,1
LF:16
LH:11
BRDA:3,0,0,1
BRDA:7,1,0,0
BRF:2
BRH:1
end_of_record
TN:
SF:src/services/teacherService.ts
FN:3,verifyIfTeacherExists
FNF:1
FNH:1
FNDA:1,verifyIfTeacherExists
DA:1,1
DA:2,1
DA:3,1
DA:4,1
DA:5,1
DA:6,1
DA:7,1
DA:8,0
DA:9,0
DA:10,0
DA:11,0
DA:12,0
DA:13,1
DA:14,1
DA:15,1
LF:15
LH:10
BRDA:3,0,0,1
BRDA:7,1,0,0
BRF:2
BRH:1
end_of_record
TN:
SF:src/services/testService.ts
FN:15,addNewTest
FN:35,getTests
FNF:2
FNH:2
FNDA:2,addNewTest
FNDA:2,getTests
DA:1,1
DA:2,1
DA:3,1
DA:4,1
DA:5,1
DA:6,1
DA:7,1
DA:8,1
DA:9,1
DA:10,1
DA:11,1
DA:12,1
DA:13,1
DA:14,1
DA:15,2
DA:16,2
DA:17,2
DA:18,2
DA:19,2
DA:20,1
DA:21,1
DA:22,1
DA:23,1
DA:24,1
DA:25,1
DA:26,1
DA:27,1
DA:28,1
DA:29,1
DA:30,1
DA:31,1
DA:32,1
DA:33,1
DA:34,1
DA:35,2
DA:36,2
DA:37,2
DA:38,1
DA:39,1
DA:40,1
DA:41,1
DA:42,1
DA:43,1
DA:44,1
DA:45,1
DA:46,0
DA:47,0
DA:48,0
DA:49,0
DA:50,0
DA:51,0
LF:51
LH:45
BRDA:15,0,0,2
BRDA:20,1,0,1
BRDA:35,2,0,2
BRDA:37,3,0,1
BRDA:46,4,0,0
BRF:5
BRH:4
end_of_record
TN:
SF:src/services/userService.ts
FN:5,newUser
FN:25,login
FN:54,getUserById
FNF:3
FNH:3
FNDA:2,newUser
FNDA:3,login
FNDA:3,getUserById
DA:1,1
DA:2,1
DA:3,1
DA:4,1
DA:5,2
DA:6,2
DA:7,2
DA:8,2
DA:9,2
DA:10,2
DA:11,2
DA:12,2
DA:13,1
DA:14,1
DA:15,1
DA:16,1
DA:17,1
DA:18,1
DA:19,1
DA:20,1
DA:21,1
DA:22,1
DA:23,1
DA:24,1
DA:25,3
DA:26,3
DA:27,3
DA:28,3
DA:29,3
DA:30,3
DA:31,3
DA:32,3
DA:33,2
DA:34,2
DA:35,2
DA:36,2
DA:37,2
DA:38,1
DA:39,1
DA:40,1
DA:41,3
DA:42,0
DA:43,0
DA:44,0
DA:45,0
DA:46,0
DA:47,1
DA:48,1
DA:49,1
DA:50,1
DA:51,1
DA:52,1
DA:53,1
DA:54,3
DA:55,3
DA:56,3
DA:57,3
DA:58,3
DA:59,3
DA:60,3
LF:60
LH:55
BRDA:5,0,0,2
BRDA:12,1,0,1
BRDA:25,2,0,3
BRDA:32,3,0,2
BRDA:38,4,0,1
BRDA:41,5,0,0
BRDA:47,6,0,1
BRDA:54,7,0,3
BRF:8
BRH:7
end_of_record
TN:
SF:src/utils/encryptUtil.ts
FN:3,encryptPasswords
FN:11,decryptPasswords
FNF:2
FNH:2
FNDA:11,encryptPasswords
FNDA:1,decryptPasswords
DA:1,1
DA:2,1
DA:3,11
DA:4,11
DA:5,11
DA:6,11
DA:7,11
DA:8,11
DA:9,11
DA:10,1
DA:11,1
DA:12,1
DA:13,1
DA:14,1
DA:15,1
LF:15
LH:15
BRDA:3,0,0,11
BRDA:11,1,0,1
BRF:2
BRH:2
end_of_record
TN:
SF:tests/factories/testFactory.ts
FN:7,createInsertTestData
FN:17,createTest
FN:26,insertTest
FNF:3
FNH:1
FNDA:3,createInsertTestData
FNDA:0,createTest
FNDA:0,insertTest
DA:1,1
DA:2,1
DA:3,1
DA:4,1
DA:5,1
DA:6,1
DA:7,3
DA:8,3
DA:9,3
DA:10,3
DA:11,3
DA:12,3
DA:13,3
DA:14,3
DA:15,3
DA:16,1
DA:17,0
DA:18,0
DA:19,0
DA:20,0
DA:21,0
DA:22,0
DA:23,0
DA:24,0
DA:25,1
DA:26,0
DA:27,0
DA:28,0
DA:29,0
DA:30,0
LF:30
LH:17
BRDA:7,0,0,3
BRDA:11,1,0,1
BRDA:11,2,0,2
BRF:3
BRH:3
end_of_record
TN:
SF:tests/factories/userFactory.ts
FN:8,createUser
FN:15,insertUser
FNF:2
FNH:2
FNDA:13,createUser
FNDA:10,insertUser
DA:1,1
DA:2,1
DA:3,1
DA:4,1
DA:5,1
DA:6,1
DA:7,1
DA:8,13
DA:9,13
DA:10,13
DA:11,13
DA:12,13
DA:13,13
DA:14,1
DA:15,10
DA:16,10
DA:17,10
DA:18,10
DA:19,10
DA:20,10
LF:20
LH:20
BRDA:8,0,0,13
BRDA:10,1,0,1
BRDA:10,2,0,12
BRDA:11,3,0,1
BRDA:11,4,0,12
BRDA:15,5,0,10
BRF:6
BRH:6
end_of_record
